<?xml version="1.0" encoding="UTF-8"?>
<testng-results skipped="0" failed="0" total="1" passed="1">
  <reporter-output>
  </reporter-output>
  <suite name="Default suite" duration-ms="12709" started-at="2016-10-08T18:21:43Z" finished-at="2016-10-08T18:21:55Z">
    <groups>
    </groups>
    <test name="Default test" duration-ms="12709" started-at="2016-10-08T18:21:43Z" finished-at="2016-10-08T18:21:55Z">
      <class name="Auto3">
        <test-method status="PASS" signature="setup()[pri:0, instance:Auto3@eff760]" name="setup" is-config="true" duration-ms="7999" started-at="2016-10-08T23:51:43Z" finished-at="2016-10-08T23:51:51Z">
          <reporter-output>
          </reporter-output>
        </test-method> <!-- setup -->
        <test-method status="PASS" signature="checkSearchFunctionality()[pri:0, instance:Auto3@eff760]" name="checkSearchFunctionality" duration-ms="4689" started-at="2016-10-08T23:51:51Z" finished-at="2016-10-08T23:51:55Z">
          <reporter-output>
          </reporter-output>
        </test-method> <!-- checkSearchFunctionality -->
        <test-method status="PASS" signature="tearDown()[pri:0, instance:Auto3@eff760]" name="tearDown" is-config="true" duration-ms="0" started-at="2016-10-08T23:51:55Z" finished-at="2016-10-08T23:51:55Z">
          <reporter-output>
          </reporter-output>
        </test-method> <!-- tearDown -->
      </class> <!-- Auto3 -->
    </test> <!-- Default test -->
  </suite> <!-- Default suite -->
</testng-results>
